<?xml version="1.0" encoding="UTF-8"?>
<testng-results ignored="0" total="1" passed="1" failed="0" skipped="0">
  <reporter-output>
    <line>
      <![CDATA[Navigation through the receipe links under a particular category is unsuccessful as the link is not found]]>
    </line>
  </reporter-output>
  <suite started-at="2022-02-14T23:10:21 EST" name="Default suite" finished-at="2022-02-14T23:32:27 EST" duration-ms="1325401">
    <groups>
    </groups>
    <test started-at="2022-02-14T23:10:21 EST" name="Default test" finished-at="2022-02-14T23:32:27 EST" duration-ms="1325401">
      <class name="com.scrapper.qa.test.CuisineRecipes">
        <test-method is-config="true" signature="beforeTest()[pri:0, instance:com.scrapper.qa.test.CuisineRecipes@4d5b6aac]" started-at="2022-02-14T23:10:21 EST" name="beforeTest" finished-at="2022-02-14T23:10:27 EST" duration-ms="5404" status="PASS">
          <reporter-output>
          </reporter-output>
        </test-method> <!-- beforeTest -->
        <test-method signature="ScrapeQuickReceipes()[pri:0, instance:com.scrapper.qa.test.CuisineRecipes@4d5b6aac]" started-at="2022-02-14T23:10:27 EST" name="ScrapeQuickReceipes" finished-at="2022-02-14T23:32:27 EST" duration-ms="1319950" status="PASS">
          <reporter-output>
            <line>
              <![CDATA[Navigation through the receipe links under a particular category is unsuccessful as the link is not found]]>
            </line>
          </reporter-output>
        </test-method> <!-- ScrapeQuickReceipes -->
        <test-method is-config="true" signature="TearDown()[pri:0, instance:com.scrapper.qa.test.CuisineRecipes@4d5b6aac]" started-at="2022-02-14T23:32:27 EST" name="TearDown" finished-at="2022-02-14T23:32:27 EST" duration-ms="1" status="PASS">
          <reporter-output>
          </reporter-output>
        </test-method> <!-- TearDown -->
      </class> <!-- com.scrapper.qa.test.CuisineRecipes -->
    </test> <!-- Default test -->
  </suite> <!-- Default suite -->
</testng-results>
