<?xml version="1.0" encoding="UTF-8"?>
<testng-results ignored="0" total="4" passed="4" failed="0" skipped="0">
  <reporter-output>
    <line>
      <![CDATA[Navigation through the receipe links under a particular category is unsuccessful as the link is not found]]>
    </line>
    <line>
      <![CDATA[Navigation through the receipe links under a particular category is unsuccessful as the link is not found]]>
    </line>
    <line>
      <![CDATA[Recipes button is not displayed]]>
    </line>
    <line>
      <![CDATA[Quick Receipes Link is not found]]>
    </line>
    <line>
      <![CDATA[Navigation through the receipe links under a particular category is unsuccessful as the link is not found]]>
    </line>
  </reporter-output>
  <suite started-at="2022-02-15T02:59:18 EST" name="Recipe Scrapper for tarla dalal page" finished-at="2022-02-15T03:02:25 EST" duration-ms="187666">
    <groups>
    </groups>
    <test started-at="2022-02-15T02:59:18 EST" name="RecipeScrapper" finished-at="2022-02-15T03:02:25 EST" duration-ms="187666">
      <class name="com.scrapper.qa.test.CuisineRecipes">
        <test-method is-config="true" signature="beforeTest()[pri:0, instance:com.scrapper.qa.test.CuisineRecipes@78123e82]" started-at="2022-02-15T02:59:18 EST" name="beforeTest" finished-at="2022-02-15T02:59:26 EST" duration-ms="8348" status="PASS">
          <reporter-output>
          </reporter-output>
        </test-method> <!-- beforeTest -->
        <test-method signature="ScrapeCuisineReceipes()[pri:0, instance:com.scrapper.qa.test.CuisineRecipes@78123e82]" started-at="2022-02-15T03:00:10 EST" name="ScrapeCuisineReceipes" finished-at="2022-02-15T03:00:30 EST" duration-ms="20669" status="PASS">
          <reporter-output>
            <line>
              <![CDATA[Navigation through the receipe links under a particular category is unsuccessful as the link is not found]]>
            </line>
          </reporter-output>
        </test-method> <!-- ScrapeCuisineReceipes -->
        <test-method is-config="true" signature="TearDown()[pri:0, instance:com.scrapper.qa.test.CuisineRecipes@78123e82]" started-at="2022-02-15T03:02:24 EST" name="TearDown" finished-at="2022-02-15T03:02:25 EST" duration-ms="699" status="PASS">
          <reporter-output>
          </reporter-output>
        </test-method> <!-- TearDown -->
      </class> <!-- com.scrapper.qa.test.CuisineRecipes -->
      <class name="com.scrapper.qa.test.KidsRecipes">
        <test-method is-config="true" signature="beforeTest()[pri:0, instance:com.scrapper.qa.test.KidsRecipes@63a12c68]" started-at="2022-02-15T02:59:31 EST" name="beforeTest" finished-at="2022-02-15T02:59:36 EST" duration-ms="4862" status="PASS">
          <reporter-output>
          </reporter-output>
        </test-method> <!-- beforeTest -->
        <test-method signature="ScrapeKidsReceipe()[pri:0, instance:com.scrapper.qa.test.KidsRecipes@63a12c68]" started-at="2022-02-15T02:59:43 EST" name="ScrapeKidsReceipe" finished-at="2022-02-15T03:00:10 EST" duration-ms="26505" status="PASS">
          <reporter-output>
            <line>
              <![CDATA[Navigation through the receipe links under a particular category is unsuccessful as the link is not found]]>
            </line>
          </reporter-output>
        </test-method> <!-- ScrapeKidsReceipe -->
        <test-method is-config="true" signature="afterTest()[pri:0, instance:com.scrapper.qa.test.KidsRecipes@63a12c68]" started-at="2022-02-15T03:02:25 EST" name="afterTest" finished-at="1969-12-31T19:00:00 EST" duration-ms="-1644912145700" status="SKIP">
          <reporter-output>
          </reporter-output>
        </test-method> <!-- afterTest -->
      </class> <!-- com.scrapper.qa.test.KidsRecipes -->
      <class name="com.scrapper.qa.test.QuickRecipes">
        <test-method is-config="true" signature="beforeTest()[pri:0, instance:com.scrapper.qa.test.QuickRecipes@67c33749]" started-at="2022-02-15T02:59:36 EST" name="beforeTest" finished-at="2022-02-15T02:59:43 EST" duration-ms="7269" status="PASS">
          <reporter-output>
          </reporter-output>
        </test-method> <!-- beforeTest -->
        <test-method signature="ScrapeQuickReceipes()[pri:0, instance:com.scrapper.qa.test.QuickRecipes@67c33749]" started-at="2022-02-15T03:00:30 EST" name="ScrapeQuickReceipes" finished-at="2022-02-15T03:02:01 EST" duration-ms="90390" status="PASS">
          <reporter-output>
            <line>
              <![CDATA[Recipes button is not displayed]]>
            </line>
            <line>
              <![CDATA[Quick Receipes Link is not found]]>
            </line>
          </reporter-output>
        </test-method> <!-- ScrapeQuickReceipes -->
        <test-method is-config="true" signature="TearDown()[pri:0, instance:com.scrapper.qa.test.QuickRecipes@67c33749]" started-at="2022-02-15T03:02:25 EST" name="TearDown" finished-at="1969-12-31T19:00:00 EST" duration-ms="-1644912145702" status="SKIP">
          <reporter-output>
          </reporter-output>
        </test-method> <!-- TearDown -->
      </class> <!-- com.scrapper.qa.test.QuickRecipes -->
      <class name="com.scrapper.qa.test.HealthyReceipes">
        <test-method is-config="true" signature="beforeTest()[pri:0, instance:com.scrapper.qa.test.HealthyReceipes@fba92d3]" started-at="2022-02-15T02:59:26 EST" name="beforeTest" finished-at="2022-02-15T02:59:31 EST" duration-ms="5061" status="PASS">
          <reporter-output>
          </reporter-output>
        </test-method> <!-- beforeTest -->
        <test-method signature="ScrapeHealthyReceipes()[pri:0, instance:com.scrapper.qa.test.HealthyReceipes@fba92d3]" started-at="2022-02-15T03:02:01 EST" name="ScrapeHealthyReceipes" finished-at="2022-02-15T03:02:24 EST" duration-ms="23796" status="PASS">
          <reporter-output>
            <line>
              <![CDATA[Navigation through the receipe links under a particular category is unsuccessful as the link is not found]]>
            </line>
          </reporter-output>
        </test-method> <!-- ScrapeHealthyReceipes -->
        <test-method is-config="true" signature="TearDown()[pri:0, instance:com.scrapper.qa.test.HealthyReceipes@fba92d3]" started-at="2022-02-15T03:02:25 EST" name="TearDown" finished-at="2022-02-15T03:02:25 EST" duration-ms="0" status="FAIL">
          <exception class="org.openqa.selenium.NoSuchSessionException">
            <message>
              <![CDATA[Session ID is null. Using WebDriver after calling quit()?
Build info: version: '3.141.59', revision: 'e82be7d358', time: '2018-11-14T08:17:03'
System info: host: 'X7021404', ip: '192.168.1.153', os.name: 'Windows 10', os.arch: 'amd64', os.version: '10.0', java.version: '11.0.13'
Driver info: driver.version: RemoteWebDriver]]>
            </message>
            <full-stacktrace>
              <![CDATA[org.openqa.selenium.NoSuchSessionException: Session ID is null. Using WebDriver after calling quit()?
Build info: version: '3.141.59', revision: 'e82be7d358', time: '2018-11-14T08:17:03'
System info: host: 'X7021404', ip: '192.168.1.153', os.name: 'Windows 10', os.arch: 'amd64', os.version: '10.0', java.version: '11.0.13'
Driver info: driver.version: RemoteWebDriver
at org.openqa.selenium.remote.HttpCommandExecutor.execute(HttpCommandExecutor.java:125)
at org.openqa.selenium.remote.service.DriverCommandExecutor.execute(DriverCommandExecutor.java:83)
at org.openqa.selenium.remote.RemoteWebDriver.execute(RemoteWebDriver.java:552)
at org.openqa.selenium.remote.RemoteWebDriver.execute(RemoteWebDriver.java:609)
at org.openqa.selenium.remote.RemoteWebDriver.close(RemoteWebDriver.java:442)
at com.scrapper.qa.test.HealthyReceipes.TearDown(HealthyReceipes.java:43)
at java.base/jdk.internal.reflect.NativeMethodAccessorImpl.invoke0(Native Method)
at java.base/jdk.internal.reflect.NativeMethodAccessorImpl.invoke(NativeMethodAccessorImpl.java:62)
at java.base/jdk.internal.reflect.DelegatingMethodAccessorImpl.invoke(DelegatingMethodAccessorImpl.java:43)
at java.base/java.lang.reflect.Method.invoke(Method.java:566)
at org.testng.internal.MethodInvocationHelper.invokeMethod(MethodInvocationHelper.java:133)
at org.testng.internal.MethodInvocationHelper.invokeMethodConsideringTimeout(MethodInvocationHelper.java:62)
at org.testng.internal.ConfigInvoker.invokeConfigurationMethod(ConfigInvoker.java:385)
at org.testng.internal.ConfigInvoker.invokeConfigurations(ConfigInvoker.java:321)
at org.testng.TestRunner.invokeTestConfigurations(TestRunner.java:637)
at org.testng.TestRunner.afterRun(TestRunner.java:877)
at org.testng.TestRunner.run(TestRunner.java:599)
at org.testng.SuiteRunner.runTest(SuiteRunner.java:377)
at org.testng.SuiteRunner.runSequentially(SuiteRunner.java:371)
at org.testng.SuiteRunner.privateRun(SuiteRunner.java:332)
at org.testng.SuiteRunner.run(SuiteRunner.java:276)
at org.testng.SuiteRunnerWorker.runSuite(SuiteRunnerWorker.java:53)
at org.testng.SuiteRunnerWorker.run(SuiteRunnerWorker.java:96)
at org.testng.TestNG.runSuitesSequentially(TestNG.java:1212)
at org.testng.TestNG.runSuitesLocally(TestNG.java:1134)
at org.testng.TestNG.runSuites(TestNG.java:1063)
at org.testng.TestNG.run(TestNG.java:1031)
at org.testng.remote.AbstractRemoteTestNG.run(AbstractRemoteTestNG.java:115)
at org.testng.remote.RemoteTestNG.initAndRun(RemoteTestNG.java:251)
at org.testng.remote.RemoteTestNG.main(RemoteTestNG.java:77)
]]>
            </full-stacktrace>
          </exception> <!-- org.openqa.selenium.NoSuchSessionException -->
          <reporter-output>
          </reporter-output>
        </test-method> <!-- TearDown -->
      </class> <!-- com.scrapper.qa.test.HealthyReceipes -->
    </test> <!-- RecipeScrapper -->
  </suite> <!-- Recipe Scrapper for tarla dalal page -->
</testng-results>
